%!Adobe-FontList 1.22
%Locale:0x407

%BeginFont
Handler:DirectoryHandler
FontType:Type1
FontName:MinionPro-Regular
FamilyName:Minion Pro
StyleName:Regular
FullName:Minion Pro
MenuName:Minion Pro
StyleBits:0
WritingScript:Roman
OutlineFileName:D:\Projects\flyer\mocks\Document fonts\MinionPro-Regular.otf
DataFormat:sfntData
UsesStandardEncoding:yes
isCFF:yes
hasSVG:no
VariableFontType:NonVariableFont
FileLength:217280
FileModTime:1606839372
WeightClass:400
WidthClass:5
AngleClass:0
DesignSize:110
NameArray:0,Mac,4,Minion Pro
NameArray:0,Win,1,Minion Pro
%EndFont

